<?xml version="1.0" encoding="UTF-8"?>
<testng-results ignored="0" total="2" passed="2" failed="0" skipped="0">
  <reporter-output>
  </reporter-output>
  <suite started-at="2020-11-29T16:33:59 EST" name="Default suite" finished-at="2020-11-29T16:34:08 EST" duration-ms="9243">
    <groups>
    </groups>
    <test started-at="2020-11-29T16:33:59 EST" name="Default test" finished-at="2020-11-29T16:34:08 EST" duration-ms="9243">
      <class name="sampleTestNG.SampleTest">
        <test-method signature="verifyHomepageTitle()[pri:0, instance:sampleTestNG.SampleTest@1a04f701]" started-at="2020-11-29T16:33:59 EST" name="verifyHomepageTitle" finished-at="2020-11-29T16:34:08 EST" duration-ms="9112" status="PASS">
          <reporter-output>
          </reporter-output>
        </test-method> <!-- verifyHomepageTitle -->
        <test-method is-config="true" signature="tearDown()[pri:0, instance:sampleTestNG.SampleTest@1a04f701]" started-at="2020-11-29T16:34:08 EST" name="tearDown" finished-at="2020-11-29T16:34:08 EST" duration-ms="1" status="PASS">
          <reporter-output>
          </reporter-output>
        </test-method> <!-- tearDown -->
        <test-method signature="verifylink()[pri:0, instance:sampleTestNG.SampleTest@1a04f701]" started-at="2020-11-29T16:34:08 EST" name="verifylink" finished-at="2020-11-29T16:34:08 EST" duration-ms="80" status="PASS">
          <reporter-output>
          </reporter-output>
        </test-method> <!-- verifylink -->
        <test-method is-config="true" signature="tearDown()[pri:0, instance:sampleTestNG.SampleTest@1a04f701]" started-at="2020-11-29T16:34:08 EST" name="tearDown" finished-at="2020-11-29T16:34:08 EST" duration-ms="1" status="PASS">
          <reporter-output>
          </reporter-output>
        </test-method> <!-- tearDown -->
        <test-method is-config="true" signature="tearDown()[pri:0, instance:sampleTestNG.SampleTest@1a04f701]" started-at="2020-11-29T16:34:08 EST" name="tearDown" finished-at="2020-11-29T16:34:08 EST" duration-ms="1" status="PASS">
          <reporter-output>
          </reporter-output>
        </test-method> <!-- tearDown -->
      </class> <!-- sampleTestNG.SampleTest -->
    </test> <!-- Default test -->
  </suite> <!-- Default suite -->
</testng-results>
