<?xml version="1.0" encoding="UTF-8"?>
<testng-results ignored="0" total="2" passed="2" failed="0" skipped="0">
  <reporter-output>
  </reporter-output>
  <suite started-at="2020-11-29T16:14:53 EST" name="Suite" finished-at="2020-11-29T16:15:01 EST" duration-ms="7928">
    <groups>
    </groups>
    <test started-at="2020-11-29T16:14:53 EST" name="Test" finished-at="2020-11-29T16:15:01 EST" duration-ms="7928">
      <class name="sampleTestNG.SampleTest">
        <test-method signature="verifyHomepageTitle()[pri:0, instance:sampleTestNG.SampleTest@1a04f701]" started-at="2020-11-29T16:14:53 EST" name="verifyHomepageTitle" finished-at="2020-11-29T16:15:01 EST" duration-ms="7515" status="PASS">
          <reporter-output>
          </reporter-output>
        </test-method> <!-- verifyHomepageTitle -->
        <test-method is-config="true" signature="tearDown()[pri:0, instance:sampleTestNG.SampleTest@1a04f701]" started-at="2020-11-29T16:15:01 EST" name="tearDown" finished-at="2020-11-29T16:15:01 EST" duration-ms="1" status="PASS">
          <reporter-output>
          </reporter-output>
        </test-method> <!-- tearDown -->
        <test-method signature="verifylink()[pri:0, instance:sampleTestNG.SampleTest@1a04f701]" started-at="2020-11-29T16:15:01 EST" name="verifylink" finished-at="2020-11-29T16:15:01 EST" duration-ms="349" status="PASS">
          <reporter-output>
          </reporter-output>
        </test-method> <!-- verifylink -->
        <test-method is-config="true" signature="tearDown()[pri:0, instance:sampleTestNG.SampleTest@1a04f701]" started-at="2020-11-29T16:15:01 EST" name="tearDown" finished-at="2020-11-29T16:15:01 EST" duration-ms="1" status="PASS">
          <reporter-output>
          </reporter-output>
        </test-method> <!-- tearDown -->
        <test-method is-config="true" signature="tearDown()[pri:0, instance:sampleTestNG.SampleTest@1a04f701]" started-at="2020-11-29T16:15:01 EST" name="tearDown" finished-at="2020-11-29T16:15:01 EST" duration-ms="1" status="PASS">
          <reporter-output>
          </reporter-output>
        </test-method> <!-- tearDown -->
      </class> <!-- sampleTestNG.SampleTest -->
    </test> <!-- Test -->
  </suite> <!-- Suite -->
</testng-results>
